the   1   _of
showers   11   baths,shower,bath,naps,sauna,tub,showering,jacuzzi,bathe,bathtub,nap
christmas   11   xmas,thanksgiving,holiday,presents,holidays,birthdays,halloween,decorations,easter,birthday,gifts
be   17   knw,yall,shes,tts,thats,isnt,reallie,knoe,tht,endin,tats,anw,thot,mayb,hows,izzit,noe
chris   199   matt,mike,alex,kevin,josh,brandon,kris,brian,jared,chad,jeff,dave,derek,ian,aaron,marissa,megan,danielle,amanda,sarah
because   2   thats,whats
craving   20   cravings,appetite,crave,fattening,eating,hankering,snacking,binge,yogurt,mmmmm,caffeine,consumed,caffiene,insatiable,hungry,craved,sugary,caffeinated,crisps,nicotine
narita   2387   klia,incheon,schiphol,heathrow,sfo,gatwick,kuala,laguardia,phnom,guangzhou,lumpur,chandigarh,bwi,wewak,chengdu,frankfurt,changi,guilin,lufthansa,intl
cold   25   freezing,colder,chilly,humid,warm,shivering,icy,muggy,warmer,windy,frigid,damp,brrrr,cloudy,humidity,sweltering,wet,foggy,balmy,scorching
inarticulate   26   unthinking,politicizing,impotent,belittled,dismissive,unconfident,demonized,condemning,disapproval,wannabees,denounced,flagrant,humorless,hypocrisy,dissuaded,bigoted,exasperated,vociferous,paradoxical,outrage
construction   3   building,renovation,builders
nuts   3   insane,crazy,bonkers
hello   3   hi,hey,goodbye
beach   30   lake,boardwalk,beaches,cove,myrtle,snorkeling,hiking,swimming,tahoe,camping,cottage,pool,pier,skiing,newport,bahamas,boating,outdoors,park,fishing
autumn   33   springtime,winter,monsoon,blooming,solstice,equinox,daffodils,breezes,blossoms,breeze,dusk,summertime,autumnal,lilacs,blooms,ashes,bloomed,lilies,spring,autum
want   34   wanna,need,wants,wouldnt,cant,wont,know,wanting,couldnt,wanted,going,mean,anymore,think,let,wo,ca,would,bothers,willing
person   5   someone,people,persons,thing,guy
person   5   someone,people,persons,thing,guy
to   6   yall,whats,thats,hows,shes,dont
tasty   620   yummy,delicious,scrumptious,salads,delish,steamed,crispy,sausages,fattening,spicy,mussels,chewy,calamari,meatballs,veggie,oysters,tacos,dumplings,nachos,spinach
hot   7   hotter,hott,muggy,sweaty,humid,steamy,sauna
boolean   740   parameter,numeric,tcp,specification,runtime,interfaces,constructor,identifier,filename,binaries,namespace,ejb,ioexception,versioning,variable,protocol,dataset,metadata,clr,subset
perpetuates   782   perpetuating,patriarchal,propagated,pervading,perpetuation,reinforces,undermines,reinforcing,obscures,fallacious,exposes,perpetuate,antithetical,characterised,inescapable,idolatry,predominant,affirms,espouses,eugenics
classics   79   selections,novels,soundtracks,anthology,compilation,nonfiction,classic,classical,hardcover,composers,genre,greats,biographies,novelists,genres,faves,screenplays,composer,paperback,masterpiece
clinic   92   hospital,checkup,pharmacy,outpatient,pediatric,icu,specialist,appt,dermatologist,rehab,oncologist,nurses,orthopedic,nurse,pediatrician,doctor,clinics,nicu,psychiatric,chiropractor
australia   96   thailand,canada,japan,europe,finland,taiwan,switzerland,nz,germany,norway,sweden,philippines,ireland,iceland,melbourne,bangladesh,asia,france,spain,indonesia
