the   1   _of
be   129   knw,mayb,hows,noe,shes,neva,thats,giv,sae,yall,alwayz,gurl,dono,knoe,endin,hehee,tats,issit,reli,wht
inarticulate   1476   unthinking,slanderous,denunciation,unapologetic,dolt,bigoted,politicizing,contemptuous,repugnant,vulgarity,pomposity,boorish,apoplectic,warmongering,deferential,bellicose,humorless,xenophobic,flagrant,hypersensitive
clinic   152   hospital,pediatric,oncologist,checkup,pharmacy,rehab,nurses,specialist,icu,outpatient,appt,dermatologist,psychiatric,orthopedic,hospice,chiropractor,nurse,doctors,veterinary,vet
australia   183   thailand,philippines,finland,canada,taiwan,japan,norway,germany,europe,spain,asia,sweden,indonesia,china,malaysia,ireland,scotland,mainland,italy,brazil
christmas   21   xmas,thanksgiving,holiday,presents,holidays,easter,halloween,birthdays,birthday,decorations,gifts,valentine,valentines,chanukah,hanukkah,eve,gift,bday,merry,graduation
construction   21   building,landscaping,residential,renovation,cleanup,renovations,builders,pedestrian,reversing,lumber,drilling,roofing,railway,plumbing,concrete,walkways,pipeline,housing,infrastructure,evacuated
hot   21   hotter,hott,steamy,humid,sweaty,muggy,tub,freezing,sauna,cold,pipin,wet,gorgeous,yucky,sexy,smokin,windy,sweltering,heat,pokers
showers   23   baths,shower,bath,naps,tub,sauna,showering,jacuzzi,freezing,steamy,humid,nap,indoors,rain,laundry,bathtub,muggy,outdoors,thunderstorms,warm
because   231   noes,knw,izzit,thats,wht,arx,larhz,liddat,lky,saes,sobx,knoe,bcos,wans,oreadi,dono,wadeva,haizz,reallie,taghorjix
classics   259   novels,legends,anthology,classic,soundtracks,greats,genre,composer,selections,biographies,genres,acclaimed,classical,novelists,baroque,compilation,epics,contemporary,shakespeare,bestselling
boolean   2816   parameter,specification,ejb,namespace,buf,tcp,append,schema,runtime,parser,subset,debug,identifier,authentication,dependencies,numeric,jsp,interfaces,serialization,sqlserver
to   30   whats,yall,hows,thats,dont,_of,urself,alwayz,dnt,knw,wana,isnt,wheres,ld,neva,arent,shud,ur,lyf,tcha
perpetuates   3952   perpetuating,combating,characterised,characterized,paradoxically,overriding,suppression,reinforces,moralistic,repression,inescapable,byproduct,latent,burgeoning,underdeveloped,inequities,thrives,pernicious,reinforcing,predominant
nuts   4   insane,crazy,bonkers,batshit
chris   400   matt,mike,josh,alex,jeff,brian,jon,kevin,dave,aaron,kris,katie,chad,evan,derek,sarah,brandon,jason,andy,jeremy
person   49   someone,people,thing,guy,persons,insecure,qualities,one,honestly,relationship,trait,reason,personality,know,always,way,faults,considerate,situation,others
person   49   someone,people,thing,guy,persons,insecure,qualities,one,honestly,relationship,trait,reason,personality,know,always,way,faults,considerate,situation,others
narita   6531   klia,gatwick,incheon,layovers,stopover,tanah,heathrow,kuala,jakarta,eurostar,guilin,schiphol,laguardia,guangzhou,terengganu,chandigarh,qantas,ryanair,lufthansa,sfo
want   75   need,wanna,wants,wouldnt,let,cant,couldnt,know,wont,wanting,anymore,ca,mean,willing,wanted,wo,would,going,able,unless
autumn   81   springtime,winter,daffodils,blooming,solstice,summertime,blossoms,monsoon,dusk,blooms,ashes,blossom,snows,spring,equinox,blustery,breeze,sunrays,mist,overcast
craving   84   cravings,appetite,hankering,eating,snacking,fattening,yogurt,caffiene,consumed,crave,hungry,caffeine,indulged,mmmmm,munchies,carbs,binge,mmmm,caffine,digesting
cold   88   freezing,humid,warm,heat,colder,muggy,shivering,chilly,icy,windy,wet,rainy,damp,scorching,sweltering,humidity,cloudy,stuffy,rain,dry
hello   9   hi,hey,howdy,hiya,greetings,goodbye,hullo,heya,welcome
tasty   905   delicious,yummy,spicy,salads,tacos,chewy,fattening,crispy,yum,scrumptious,appetizer,steamed,nachos,shrimp,spinach,meatballs,sausages,pasta,salty,delectable
beach   98   lake,boardwalk,camping,hiking,beaches,park,tahoe,skiing,snorkeling,pier,swimming,outdoors,fishing,cottage,pool,pch,canoe,island,river,newport
