showers   10   shower,baths,naps,bath,showering,tub,sauna,jacuzzi,nap,humid
christmas   12   xmas,thanksgiving,holiday,presents,halloween,holidays,birthdays,decorations,birthday,gifts,easter,hanukkah
boolean   1262   parameter,specification,tcp,namespace,constructor,filename,encoding,schema,numeric,runtime,component,ejb,clr,frameworks,algorithms,buf,binary,fpga,metadata,interfaces
perpetuates   1542   perpetuate,perpetuating,patriarchal,perpetuation,eugenics,predominant,fallacious,reinforcing,humanistic,reinforces,misogyny,materialist,coercion,repression,repressive,hegemonic,inequalities,homophobia,secularism,imposes
be   19   _it,shes,knw,yall,youd,hows,hahaa,reli,lyf,gurl,tats,tts,knoe,thatd,thats,endin,wld,reallie,hehee
chris   199   matt,mike,jeff,josh,alex,brandon,kevin,marissa,aaron,kris,chad,craig,jared,kristen,jason,tyler,brian,derek,becky,shawn
craving   22   cravings,hankering,crave,appetite,eating,munchies,caffeine,indulged,snacking,binge,yogurt,mmmmm,consumed,caffiene,mmmm,munching,fattening,carbs,caffine,eaten
cold   24   freezing,colder,warm,humid,shivering,muggy,icy,chilly,windy,damp,warmer,frigid,brrrr,scorching,humidity,rainy,cloudy,foggy,stormy,balmy
beach   27   boardwalk,beaches,lake,hiking,cottage,myrtle,park,snorkeling,cove,newport,swimming,camping,laguna,tahoe,fishing,boating,island,pool,seaside,skiing
hello   3   hi,hey,greetings
nuts   3   crazy,insane,bonkers
autumn   31   springtime,winter,monsoon,blooming,daffodils,solstice,summertime,breezes,blossoms,blooms,equinox,winters,ashes,breeze,overcast,mist,sunrays,snowfall,spring,lilies
want   33   wanna,need,wants,wouldnt,wont,cant,know,wanting,couldnt,wanted,mean,going,let,anymore,youll,would,think,bothers,wo,ca
construction   4   building,builders,renovation,landscaping
because   4   whats,_it,thatd,thats
inarticulate   48   crass,dismissive,obtuse,disparaging,bluntness,deadpan,unconfident,dogmatic,bungling,distrustful,accusatory,humorless,disagreeable,naivite,slanderous,verbose,sophomoric,insinuating,caustic,scathing
tasty   629   delicious,yummy,salads,spicy,crispy,sausages,fattening,spinach,tastey,pasta,chewy,mussels,meatballs,steamed,shrimp,veggie,yum,tacos,scrumptious,crunchy
to   7   youd,yall,_it,whats,hows,dont,whens
person   7   someone,people,persons,thing,guy,qualities,trait
person   7   someone,people,persons,thing,guy,qualities,trait
hot   7   hotter,hott,humid,muggy,sauna,steamy,sweaty
narita   7365   laguardia,klia,heathrow,kuala,schiphol,samui,layovers,intl,incheon,gatwick,tanah,lumpur,jakarta,stansted,terengganu,arul,buenos,frankfurt,chengdu,iad
classics   80   novels,greats,anthology,novelists,soundtracks,legends,biographies,contemporary,faves,selections,genres,classic,genre,classical,authors,eclectic,composer,paperback,compilation,biography
clinic   90   hospital,pediatric,checkup,icu,outpatient,specialist,pharmacy,gyn,orthopedic,oncologist,psychiatric,surgeon,doctor,chiropractor,nurses,nurse,appt,dermatologist,psychiatrist,rehab
australia   90   japan,thailand,canada,europe,germany,finland,asia,ireland,sweden,taiwan,nz,switzerland,france,spain,norway,indonesia,philippines,iceland,poland,bangladesh
