beach   100   lake,boardwalk,beaches,camping,hiking,cottage,park,tahoe,boating,skiing,fishing,cove,pool,outdoors,canoe,swimming,seaside,myrtle,pier,newport
because   122   _it,izzit,dunnoe,bcos,thats,thatd,wht,reallie,oreadi,noes,whats,issit,wadeva,becoz,haizz,knoe,animore,anot,jux,shes
inarticulate   1223   silencing,humorless,incisive,slanderous,flagrant,simpleton,denounce,repugnant,uncouth,haughtiness,contemptuous,disparaging,boastful,patronising,contemptuously,sanctimonious,homophobia,ineffectual,vulgarity,boorish
narita   14870   klia,kuala,terengganu,guangzhou,schiphol,chandigarh,stansted,gatwick,erl,incheon,lumpur,ohare,ryanair,heathrow,jakarta,laguardia,utrecht,stopover,launceston,heidelberg
clinic   155   hospital,checkup,pharmacy,icu,oncologist,specialist,dermatologist,doctor,appt,checkups,pediatric,doctors,vet,outpatient,orthopedic,prenatal,gyn,surgeon,pediatrician,dental
australia   176   thailand,finland,japan,europe,germany,philippines,taiwan,canada,italy,ireland,norway,nz,asia,russia,china,scotland,indonesia,switzerland,spain,poland
be   179   _it,knw,shes,hows,poreans,gurl,knoe,mayb,reallie,lyf,yall,tats,sumtimes,thats,thatd,wadeva,ure,alwayz,neva,wld
hot   18   hotter,steamy,humid,hott,sweaty,muggy,yucky,tub,cold,freezing,wet,gorgeous,pipin,coals,scorching,hottest,sexy,warm
christmas   19   xmas,thanksgiving,holiday,presents,easter,holidays,halloween,decorations,birthdays,birthday,gifts,chanukah,valentines,valentine,hanukkah,eve,carols,gift,celebrate
the   2   _of,whats
construction   23   building,landscaping,residential,renovations,builders,lumber,cleanup,drilling,plumbing,offices,migrant,housing,pedestrian,crossings,pipeline,roofing,contractor,concrete,engineers,renovation
classics   233   novels,anthology,greats,novelists,composers,soundtracks,biographies,genre,composer,compilation,genres,poets,classic,legends,masterpiece,classical,authors,contemporary,remakes,selections
showers   27   baths,shower,bath,naps,tub,sauna,humid,showering,indoors,muggy,outdoors,bathrooms,laundry,jacuzzi,bathe,bathtub,freezing,perseid,beds,puddles
perpetuates   3415   suppression,perpetuating,misogyny,perpetuate,promotes,repression,paradoxically,reinforcing,undermines,patriarchal,detriment,hegemonic,intolerance,secularism,extremism,undermining,institutional,complacency,fanatical,militancy
boolean   3544   parameter,numeric,dependencies,subset,specification,enum,variable,args,schema,identifier,frameworks,databases,runtime,interfaces,hierarchical,namespace,tcp,integer,protocol,append
chris   361   matt,mike,josh,alex,jeff,kevin,brian,jon,aaron,evan,andy,brandon,jason,derek,ryan,kris,doug,marissa,katie,travis
to   39   youd,whats,_it,hows,whens,yall,urself,_of,jack_leido,thatd,thats,wheres,shes,dont,ld,alwayz,twant,whos,lyf,knw
person   47   someone,people,thing,persons,guy,qualities,trait,one,insecure,honestly,relationship,aspect,faults,reason,truly,caring,know,knowing,judgemental,individual
person   47   someone,people,thing,persons,guy,qualities,trait,one,insecure,honestly,relationship,aspect,faults,reason,truly,caring,know,knowing,judgemental,individual
nuts   5   crazy,insane,bonkers,mad,batshit
autumn   76   winter,springtime,solstice,monsoon,blossoms,blooming,summertime,overcast,daffodils,spring,blooms,breezes,snows,ashes,blustery,equinox,mist,dusk,breeze,winters
cold   77   freezing,humid,colder,warm,shivering,chilly,icy,muggy,scorching,heat,damp,rain,windy,wet,rainy,raining,cloudy,sweltering,warmer,humidity
want   79   need,wanna,wants,wouldnt,let,cant,wont,couldnt,know,wanting,willing,wo,youll,would,mean,going,wanted,bothers,able,anymore
hello   9   hi,hey,greetings,hullo,howdy,goodbye,hiya,welcome,hellow
craving   94   cravings,appetite,eating,binge,yogurt,hankering,caffiene,caffeine,consumed,munchies,fattening,hungry,crave,snacking,caffeinated,caffine,mmmmm,tasted,mmmm,nicotine
tasty   998   delicious,yummy,spicy,scrumptious,tacos,salads,delish,pasta,spinach,chewy,fattening,crispy,fajitas,veggie,meatballs,yum,sauces,appetizer,nachos,shrimp
